<?xml version="1.0" encoding="UTF-8"?>
<Site BuildName="(empty)"
	BuildStamp="20251209-1125-Experimental"
	Name="(empty)"
	Generator="ctest-4.2.0"
	CompilerName=""
	CompilerVersion=""
	OSName="Windows"
	Hostname="LAPTOP-D884VKLO"
	OSRelease="10.0.26200"
	OSVersion="Windows 10"
	OSPlatform="AMD64"
	Is64Bits="1"
	VendorString="AuthenticAMD"
	VendorID="Advanced Micro Devices"
	FamilyID="15"
	ModelID="4"
	ModelName="AMD Ryzen AI 9 HX 370 w/ Radeon 890M"
	ProcessorCacheSize="80"
	NumberOfLogicalCPU="24"
	NumberOfPhysicalCPU="12"
	TotalVirtualMemory="73849"
	TotalPhysicalMemory="64633"
	LogicalProcessorsPerPhysical="2"
	ProcessorClockFrequency="2000"
	>
	<Testing>
		<StartDateTime>Dec 09 13:44 V[NON-UTF-8-BYTE-0xE4]steuropa, normaltid</StartDateTime>
		<StartTestTime>1765284253</StartTestTime>
		<TestList/>
		<EndDateTime>Dec 09 13:44 V[NON-UTF-8-BYTE-0xE4]steuropa, normaltid</EndDateTime>
		<EndTestTime>1765284253</EndTestTime>
		<ElapsedMinutes>0</ElapsedMinutes>
	</Testing>
</Site>
